<?xml version="1.0" encoding="UTF-8"?>
<testng-results ignored="0" total="3" passed="3" failed="0" skipped="0">
  <reporter-output>
  </reporter-output>
  <suite started-at="2023-07-08T05:43:01Z" name="Default suite" finished-at="2023-07-08T05:43:14Z" duration-ms="13547">
    <groups>
      <group name="cucumber">
        <method signature="AbstractTestNGCucumberTests.runScenario(io.cucumber.testng.PickleWrapper, io.cucumber.testng.FeatureWrapper)[pri:0, instance:runner.Runnerclass@5b218417]" name="runScenario" class="io.cucumber.testng.AbstractTestNGCucumberTests"/>
      </group> <!-- cucumber -->
    </groups>
    <test started-at="2023-07-08T05:43:01Z" name="Default test" finished-at="2023-07-08T05:43:14Z" duration-ms="13547">
      <class name="runner.Runnerclass">
        <test-method is-config="true" signature="setUpClass(org.testng.ITestContext)[pri:0, instance:runner.Runnerclass@5b218417]" started-at="2023-07-08T05:43:01Z" name="setUpClass" finished-at="2023-07-08T05:43:01Z" duration-ms="524" status="PASS">
          <params>
            <param index="0">
              <value>
                <![CDATA[org.testng.TestRunner@6f825516]]>
              </value>
            </param>
          </params>
          <reporter-output>
          </reporter-output>
        </test-method> <!-- setUpClass -->
        <test-method signature="runScenario(io.cucumber.testng.PickleWrapper, io.cucumber.testng.FeatureWrapper)[pri:0, instance:runner.Runnerclass@5b218417]" started-at="2023-07-08T05:43:01Z" name="runScenario" description="Runs Cucumber Scenarios" data-provider="scenarios" finished-at="2023-07-08T05:43:06Z" duration-ms="4984" status="PASS">
          <params>
            <param index="0">
              <value>
                <![CDATA["Login with Positive Credentials"]]>
              </value>
            </param>
            <param index="1">
              <value>
                <![CDATA["Functionality of Login Module"]]>
              </value>
            </param>
          </params>
          <reporter-output>
          </reporter-output>
        </test-method> <!-- runScenario -->
        <test-method signature="runScenario(io.cucumber.testng.PickleWrapper, io.cucumber.testng.FeatureWrapper)[pri:0, instance:runner.Runnerclass@5b218417]" started-at="2023-07-08T05:43:06Z" name="runScenario" description="Runs Cucumber Scenarios" data-provider="scenarios" finished-at="2023-07-08T05:43:10Z" duration-ms="3915" status="PASS">
          <params>
            <param index="0">
              <value>
                <![CDATA["Login with Positive Credentials"]]>
              </value>
            </param>
            <param index="1">
              <value>
                <![CDATA["Functionality of Login Module"]]>
              </value>
            </param>
          </params>
          <reporter-output>
          </reporter-output>
        </test-method> <!-- runScenario -->
        <test-method signature="runScenario(io.cucumber.testng.PickleWrapper, io.cucumber.testng.FeatureWrapper)[pri:0, instance:runner.Runnerclass@5b218417]" started-at="2023-07-08T05:43:10Z" name="runScenario" description="Runs Cucumber Scenarios" data-provider="scenarios" finished-at="2023-07-08T05:43:14Z" duration-ms="3806" status="PASS">
          <params>
            <param index="0">
              <value>
                <![CDATA["Login with Negative Credentials"]]>
              </value>
            </param>
            <param index="1">
              <value>
                <![CDATA["Functionality of Login Module"]]>
              </value>
            </param>
          </params>
          <reporter-output>
          </reporter-output>
        </test-method> <!-- runScenario -->
        <test-method is-config="true" signature="tearDownClass()[pri:0, instance:runner.Runnerclass@5b218417]" started-at="2023-07-08T05:43:14Z" name="tearDownClass" finished-at="2023-07-08T05:43:14Z" duration-ms="296" status="PASS">
          <reporter-output>
          </reporter-output>
        </test-method> <!-- tearDownClass -->
      </class> <!-- runner.Runnerclass -->
    </test> <!-- Default test -->
  </suite> <!-- Default suite -->
</testng-results>
